2024-11-21 11:07:59,085 INFO Global seed set to 12345
2024-11-21 11:07:59,643 INFO Global seed set to 12345
2024-11-21 11:22:31,393 INFO Global seed set to 12345
2024-11-21 11:22:31,947 INFO Global seed set to 12345
2024-11-21 11:49:50,474 INFO Global seed set to 12345
2024-11-21 11:49:51,025 INFO Global seed set to 12345
2024-11-21 11:53:17,975 INFO Global seed set to 12345
2024-11-21 11:53:18,526 INFO Global seed set to 12345
2024-11-21 12:01:24,283 INFO Global seed set to 12345
2024-11-21 12:01:24,834 INFO Global seed set to 12345
2024-11-21 12:04:27,087 INFO Global seed set to 12345
2024-11-21 12:04:27,638 INFO Global seed set to 12345
2024-11-21 12:06:51,331 INFO Global seed set to 12345
2024-11-21 12:06:51,884 INFO Global seed set to 12345
2024-11-21 12:07:30,903 ERROR Error during training: not enough values to unpack (expected 3, got 2)
2024-11-21 12:10:06,075 INFO Global seed set to 12345
2024-11-21 12:10:06,627 INFO Global seed set to 12345
2024-11-21 12:10:44,024 ERROR Error during training: Using a target size (torch.Size([32])) that is different to the input size (torch.Size([32, 1])) is deprecated. Please ensure they have the same size.
2024-11-21 12:13:37,780 INFO Global seed set to 12345
2024-11-21 12:13:38,332 INFO Global seed set to 12345
2024-11-21 12:14:17,520 ERROR Error during training: Found dtype Long but expected Float
2024-11-21 12:16:16,069 INFO Global seed set to 12345
2024-11-21 12:16:16,621 INFO Global seed set to 12345
2024-11-21 13:10:48,174 INFO Global seed set to 12345
2024-11-21 13:10:48,726 INFO Global seed set to 12345
2024-11-21 13:10:48,870 ERROR Error in data preprocessing: [Errno 2] No such file or directory: '/work/longyh/mhc/test12k.csv '
2024-11-21 13:12:08,191 INFO Global seed set to 12345
2024-11-21 13:12:08,744 INFO Global seed set to 12345
2024-11-21 13:34:52,376 INFO Global seed set to 12345
2024-11-21 13:34:52,929 INFO Global seed set to 12345
2024-11-21 15:10:34,679 INFO Global seed set to 12345
2024-11-21 15:10:35,231 INFO Global seed set to 12345
2024-11-21 16:49:54,532 INFO Global seed set to 12345
2024-11-21 16:49:55,009 INFO Global seed set to 12345
2024-11-21 18:27:00,637 INFO Global seed set to 12345
2024-11-21 18:27:01,117 INFO Global seed set to 12345
2024-11-22 10:20:02,220 INFO Global seed set to 12345
2024-11-22 10:20:02,695 INFO Global seed set to 12345
2024-11-22 10:23:44,233 INFO Global seed set to 12345
2024-11-22 10:23:44,709 INFO Global seed set to 12345
2024-11-22 10:36:17,030 INFO Global seed set to 12345
2024-11-22 10:36:17,509 INFO Global seed set to 12345
2024-11-22 10:41:14,437 INFO Global seed set to 12345
2024-11-22 10:41:14,915 INFO Global seed set to 12345
2024-11-26 18:57:27,517 INFO Global seed set to 12345
2024-11-26 18:57:28,036 INFO Global seed set to 12345
2024-11-26 19:17:29,009 INFO Global seed set to 12345
2024-11-26 19:17:29,531 INFO Global seed set to 12345
2024-11-26 19:26:06,612 INFO Global seed set to 12345
2024-11-26 19:26:07,134 INFO Global seed set to 12345
2024-11-26 19:43:18,107 INFO Global seed set to 12345
2024-11-26 19:43:18,630 INFO Global seed set to 12345
2024-11-26 20:05:12,595 INFO Global seed set to 12345
2024-11-26 20:05:13,115 INFO Global seed set to 12345
2024-12-26 16:04:24,674 INFO Global seed set to 12345
2024-12-26 16:04:25,347 INFO Global seed set to 12345
2024-12-26 16:16:50,835 INFO Global seed set to 12345
2024-12-26 16:16:51,483 INFO Global seed set to 12345
2024-12-30 10:19:36,344 INFO Global seed set to 12345
2024-12-30 10:19:36,830 INFO Global seed set to 12345
2024-12-30 10:22:16,138 INFO Global seed set to 12345
2024-12-30 10:22:16,624 INFO Global seed set to 12345
2024-12-30 11:13:30,455 INFO Global seed set to 12345
2024-12-30 11:13:30,942 INFO Global seed set to 12345
2024-12-30 11:17:58,946 INFO Global seed set to 12345
2024-12-30 11:17:59,432 INFO Global seed set to 12345
2024-12-30 13:33:31,401 INFO Global seed set to 12345
2024-12-30 13:33:31,885 INFO Global seed set to 12345
